

/******************************************************************************************
* WriteStepFile diagnostics.
* Date:                           Sat Sep 16 22:02:38 2023 
* Produced by:                    The EXPRESS Data Manager Version 5.02.0100.07 : 28 Aug 2013
* Module:                         EDMstepFileFactory/EDMstandAlone
* Host:                           DESKTOP-2H21GQ4
* Database:                       C:\Users\SERGEI\AppData\Local\Temp\{DC48016E-289B-4439-844E-2A686FAA3782}\ifc
* Database version:               5507
* Database creation date:         Sat Sep 16 22:02:35 2023
* Model:                          DataRepository.ifc
* Model creation date:            Sat Sep 16 22:02:35 2023
* Header model:                   DataRepository.ifc_HeaderModel
* Header model creation date:     Sat Sep 16 22:02:35 2023
* Step file:                      {DACF28A5-7D68-4B32-A388-A98B89238AAC}.ifc
* EDMuser:                        sdai-user
* EDMgroup:                       sdai-group
* License ID and type:            5605 : Permanent license. Expiry date: 
* EDMstepFileFactory options:     020000
******************************************************************************************/


------------------------------------------------------------------------------------------------
Operation terminated successfully.
------------------------------------------------------------------------------------------------

