

/******************************************************************************************
* WriteStepFile diagnostics.
* Date:                           Sat Sep 16 22:29:20 2023 
* Produced by:                    The EXPRESS Data Manager Version 5.02.0100.07 : 28 Aug 2013
* Module:                         EDMstepFileFactory/EDMstandAlone
* Host:                           DESKTOP-2H21GQ4
* Database:                       C:\Users\SERGEI\AppData\Local\Temp\{F623873F-F4C4-48D1-BDBD-F2DA8DF19B49}\ifc
* Database version:               5507
* Database creation date:         Sat Sep 16 22:29:18 2023
* Model:                          DataRepository.ifc
* Model creation date:            Sat Sep 16 22:29:18 2023
* Header model:                   DataRepository.ifc_HeaderModel
* Header model creation date:     Sat Sep 16 22:29:18 2023
* Step file:                      {369A8FCE-6F54-409A-B5B0-9DBAB980D5DB}.ifc
* EDMuser:                        sdai-user
* EDMgroup:                       sdai-group
* License ID and type:            5605 : Permanent license. Expiry date: 
* EDMstepFileFactory options:     020000
******************************************************************************************/


------------------------------------------------------------------------------------------------
Operation terminated successfully.
------------------------------------------------------------------------------------------------

